<?xml version="1.0" encoding="UTF-8"?>
<!-- Generated by org.testng.reporters.JUnitReportReporter -->
<testsuite skipped="0" hostname="DESKTOP-MU1UQ23" name="TestClasses.LoginTest" tests="2" failures="0" timestamp="15 May 2021 06:26:19 GMT" time="5.710" errors="0">
  <testcase name="RefreshPage" time="0.818" classname="TestClasses.LoginTest"/>
  <testcase name="login" time="4.892" classname="TestClasses.LoginTest"/>
</testsuite> <!-- TestClasses.LoginTest -->
